{"D:\\myCode\\大四上\\Font-end-UI\\packages\\components\\Button\\Button.vue": {"path":"D:\\myCode\\大四上\\Font-end-UI\\packages\\components\\Button\\Button.vue","all":false,"statementMap":{"0":{"start":{"line":1,"column":0},"end":{"line":1,"column":24}},"1":{"start":{"line":2,"column":0},"end":{"line":2,"column":44}},"3":{"start":{"line":4,"column":0},"end":{"line":4,"column":37}},"4":{"start":{"line":5,"column":0},"end":{"line":5,"column":51}},"5":{"start":{"line":6,"column":0},"end":{"line":6,"column":38}},"10":{"start":{"line":11,"column":0},"end":{"line":11,"column":56}},"16":{"start":{"line":17,"column":0},"end":{"line":17,"column":50}},"17":{"start":{"line":18,"column":0},"end":{"line":18,"column":28}},"18":{"start":{"line":19,"column":0},"end":{"line":19,"column":38}},"19":{"start":{"line":20,"column":0},"end":{"line":20,"column":60}},"20":{"start":{"line":21,"column":0},"end":{"line":21,"column":60}},"21":{"start":{"line":22,"column":0},"end":{"line":22,"column":75}},"22":{"start":{"line":23,"column":0},"end":{"line":23,"column":41}},"23":{"start":{"line":24,"column":0},"end":{"line":24,"column":30}},"24":{"start":{"line":25,"column":0},"end":{"line":25,"column":12}},"25":{"start":{"line":26,"column":0},"end":{"line":26,"column":3}},"26":{"start":{"line":27,"column":0},"end":{"line":27,"column":35}},"27":{"start":{"line":28,"column":0},"end":{"line":28,"column":45}},"28":{"start":{"line":29,"column":0},"end":{"line":29,"column":4}},"29":{"start":{"line":30,"column":0},"end":{"line":30,"column":60}},"30":{"start":{"line":31,"column":0},"end":{"line":31,"column":80}},"33":{"start":{"line":34,"column":0},"end":{"line":34,"column":12}},"34":{"start":{"line":35,"column":0},"end":{"line":35,"column":14}},"35":{"start":{"line":36,"column":0},"end":{"line":36,"column":21}},"36":{"start":{"line":37,"column":0},"end":{"line":37,"column":26}},"37":{"start":{"line":38,"column":0},"end":{"line":38,"column":13}},"38":{"start":{"line":39,"column":0},"end":{"line":39,"column":50}},"39":{"start":{"line":40,"column":0},"end":{"line":40,"column":51}},"40":{"start":{"line":41,"column":0},"end":{"line":41,"column":13}},"49":{"start":{"line":50,"column":0},"end":{"line":50,"column":90}},"51":{"start":{"line":52,"column":0},"end":{"line":52,"column":29}},"52":{"start":{"line":53,"column":0},"end":{"line":53,"column":27}},"53":{"start":{"line":54,"column":0},"end":{"line":54,"column":16}},"54":{"start":{"line":55,"column":0},"end":{"line":55,"column":30}},"55":{"start":{"line":56,"column":0},"end":{"line":56,"column":19}},"56":{"start":{"line":57,"column":0},"end":{"line":57,"column":42}},"57":{"start":{"line":58,"column":0},"end":{"line":58,"column":28}},"58":{"start":{"line":59,"column":0},"end":{"line":59,"column":14}},"59":{"start":{"line":60,"column":0},"end":{"line":60,"column":19}},"60":{"start":{"line":61,"column":0},"end":{"line":61,"column":13}},"61":{"start":{"line":62,"column":0},"end":{"line":62,"column":15}},"62":{"start":{"line":63,"column":0},"end":{"line":63,"column":12}},"63":{"start":{"line":64,"column":0},"end":{"line":64,"column":29}},"64":{"start":{"line":65,"column":0},"end":{"line":65,"column":18}},"65":{"start":{"line":66,"column":0},"end":{"line":66,"column":15}},"66":{"start":{"line":67,"column":0},"end":{"line":67,"column":24}},"67":{"start":{"line":68,"column":0},"end":{"line":68,"column":6}},"68":{"start":{"line":69,"column":0},"end":{"line":69,"column":17}},"69":{"start":{"line":70,"column":0},"end":{"line":70,"column":14}}},"s":{"0":40,"1":1,"3":1,"4":1,"5":1,"10":1,"16":1,"17":1,"18":1,"19":1,"20":1,"21":1,"22":1,"23":1,"24":1,"25":1,"26":1,"27":4,"28":1,"29":1,"30":1,"33":1,"34":1,"35":1,"36":1,"37":1,"38":1,"39":1,"40":1,"49":1,"51":1,"52":43,"53":43,"54":43,"55":43,"56":43,"57":43,"58":43,"59":43,"60":43,"61":43,"62":43,"63":43,"64":1,"65":1,"66":1,"67":43,"68":43,"69":1},"branchMap":{"0":{"type":"branch","line":20,"loc":{"start":{"line":20,"column":22},"end":{"line":20,"column":58}},"locations":[{"start":{"line":20,"column":22},"end":{"line":20,"column":58}}]},"1":{"type":"branch","line":20,"loc":{"start":{"line":20,"column":28},"end":{"line":20,"column":41}},"locations":[{"start":{"line":20,"column":28},"end":{"line":20,"column":41}}]},"2":{"type":"branch","line":20,"loc":{"start":{"line":20,"column":33},"end":{"line":20,"column":56}},"locations":[{"start":{"line":20,"column":33},"end":{"line":20,"column":56}}]},"3":{"type":"branch","line":20,"loc":{"start":{"line":20,"column":48},"end":{"line":20,"column":58}},"locations":[{"start":{"line":20,"column":48},"end":{"line":20,"column":58}}]},"4":{"type":"branch","line":21,"loc":{"start":{"line":21,"column":22},"end":{"line":21,"column":58}},"locations":[{"start":{"line":21,"column":22},"end":{"line":21,"column":58}}]},"5":{"type":"branch","line":21,"loc":{"start":{"line":21,"column":28},"end":{"line":21,"column":41}},"locations":[{"start":{"line":21,"column":28},"end":{"line":21,"column":41}}]},"6":{"type":"branch","line":21,"loc":{"start":{"line":21,"column":33},"end":{"line":21,"column":56}},"locations":[{"start":{"line":21,"column":33},"end":{"line":21,"column":56}}]},"7":{"type":"branch","line":21,"loc":{"start":{"line":21,"column":48},"end":{"line":21,"column":58}},"locations":[{"start":{"line":21,"column":48},"end":{"line":21,"column":58}}]},"8":{"type":"branch","line":22,"loc":{"start":{"line":22,"column":26},"end":{"line":22,"column":73}},"locations":[{"start":{"line":22,"column":26},"end":{"line":22,"column":73}}]},"9":{"type":"branch","line":22,"loc":{"start":{"line":22,"column":39},"end":{"line":22,"column":68}},"locations":[{"start":{"line":22,"column":39},"end":{"line":22,"column":68}}]},"10":{"type":"branch","line":22,"loc":{"start":{"line":22,"column":51},"end":{"line":22,"column":68}},"locations":[{"start":{"line":22,"column":51},"end":{"line":22,"column":68}}]},"11":{"type":"branch","line":22,"loc":{"start":{"line":22,"column":56},"end":{"line":22,"column":73}},"locations":[{"start":{"line":22,"column":56},"end":{"line":22,"column":73}}]},"12":{"type":"branch","line":27,"loc":{"start":{"line":27,"column":27},"end":{"line":29,"column":2}},"locations":[{"start":{"line":27,"column":27},"end":{"line":29,"column":2}}]},"13":{"type":"branch","line":28,"loc":{"start":{"line":28,"column":21},"end":{"line":28,"column":39}},"locations":[{"start":{"line":28,"column":21},"end":{"line":28,"column":39}}]},"14":{"type":"branch","line":28,"loc":{"start":{"line":28,"column":31},"end":{"line":28,"column":45}},"locations":[{"start":{"line":28,"column":31},"end":{"line":28,"column":45}}]},"15":{"type":"branch","line":30,"loc":{"start":{"line":30,"column":23},"end":{"line":30,"column":60}},"locations":[{"start":{"line":30,"column":23},"end":{"line":30,"column":60}}]},"16":{"type":"branch","line":39,"loc":{"start":{"line":39,"column":14},"end":{"line":39,"column":40}},"locations":[{"start":{"line":39,"column":14},"end":{"line":39,"column":40}}]},"17":{"type":"branch","line":39,"loc":{"start":{"line":39,"column":30},"end":{"line":39,"column":50}},"locations":[{"start":{"line":39,"column":30},"end":{"line":39,"column":50}}]},"18":{"type":"branch","line":40,"loc":{"start":{"line":40,"column":15},"end":{"line":40,"column":34}},"locations":[{"start":{"line":40,"column":15},"end":{"line":40,"column":34}}]},"19":{"type":"branch","line":40,"loc":{"start":{"line":40,"column":27},"end":{"line":40,"column":51}},"locations":[{"start":{"line":40,"column":27},"end":{"line":40,"column":51}}]},"20":{"type":"branch","line":40,"loc":{"start":{"line":40,"column":34},"end":{"line":40,"column":51}},"locations":[{"start":{"line":40,"column":34},"end":{"line":40,"column":51}}]},"21":{"type":"branch","line":50,"loc":{"start":{"line":50,"column":10},"end":{"line":50,"column":90}},"locations":[{"start":{"line":50,"column":10},"end":{"line":50,"column":90}}]},"22":{"type":"branch","line":50,"loc":{"start":{"line":50,"column":30},"end":{"line":50,"column":72}},"locations":[{"start":{"line":50,"column":30},"end":{"line":50,"column":72}}]},"23":{"type":"branch","line":50,"loc":{"start":{"line":50,"column":68},"end":{"line":50,"column":90}},"locations":[{"start":{"line":50,"column":68},"end":{"line":50,"column":90}}]},"24":{"type":"branch","line":52,"loc":{"start":{"line":52,"column":4},"end":{"line":69,"column":17}},"locations":[{"start":{"line":52,"column":4},"end":{"line":69,"column":17}}]},"25":{"type":"branch","line":1,"loc":{"start":{"line":1,"column":0},"end":{"line":1,"column":24}},"locations":[{"start":{"line":1,"column":0},"end":{"line":1,"column":24}}]},"26":{"type":"branch","line":64,"loc":{"start":{"line":64,"column":12},"end":{"line":64,"column":29}},"locations":[{"start":{"line":64,"column":12},"end":{"line":64,"column":29}}]},"27":{"type":"branch","line":64,"loc":{"start":{"line":64,"column":21},"end":{"line":67,"column":24}},"locations":[{"start":{"line":64,"column":21},"end":{"line":67,"column":24}}]},"28":{"type":"branch","line":67,"loc":{"start":{"line":67,"column":23},"end":{"line":67,"column":24}},"locations":[{"start":{"line":67,"column":23},"end":{"line":67,"column":24}}]}},"b":{"0":[43],"1":[20],"2":[37],"3":[34],"4":[43],"5":[20],"6":[33],"7":[27],"8":[43],"9":[41],"10":[20],"11":[39],"12":[4],"13":[2],"14":[2],"15":[4],"16":[42],"17":[1],"18":[39],"19":[7],"20":[36],"21":[4],"22":[3],"23":[1],"24":[43],"25":[40],"26":[1],"27":[1],"28":[42]},"fnMap":{"0":{"name":"handleBtnClick","decl":{"start":{"line":30,"column":23},"end":{"line":30,"column":60}},"loc":{"start":{"line":30,"column":23},"end":{"line":30,"column":60}},"line":30},"1":{"name":"onClick._cache.<computed>._cache.<computed>","decl":{"start":{"line":50,"column":10},"end":{"line":50,"column":90}},"loc":{"start":{"line":50,"column":10},"end":{"line":50,"column":90}},"line":50}},"f":{"0":4,"1":4}}
,"D:\\myCode\\大四上\\Font-end-UI\\packages\\components\\Button\\ButtonGroup.vue": {"path":"D:\\myCode\\大四上\\Font-end-UI\\packages\\components\\Button\\ButtonGroup.vue","all":false,"statementMap":{"2":{"start":{"line":3,"column":0},"end":{"line":3,"column":51}},"3":{"start":{"line":4,"column":0},"end":{"line":4,"column":47}},"8":{"start":{"line":9,"column":0},"end":{"line":9,"column":46}},"10":{"start":{"line":11,"column":0},"end":{"line":11,"column":8}},"11":{"start":{"line":12,"column":0},"end":{"line":12,"column":24}},"12":{"start":{"line":13,"column":0},"end":{"line":13,"column":12}},"13":{"start":{"line":14,"column":0},"end":{"line":14,"column":31}},"14":{"start":{"line":15,"column":0},"end":{"line":15,"column":31}},"15":{"start":{"line":16,"column":0},"end":{"line":16,"column":39}},"16":{"start":{"line":17,"column":0},"end":{"line":17,"column":4}},"17":{"start":{"line":18,"column":0},"end":{"line":18,"column":2}},"20":{"start":{"line":21,"column":0},"end":{"line":21,"column":31}},"21":{"start":{"line":22,"column":0},"end":{"line":22,"column":17}},"22":{"start":{"line":23,"column":0},"end":{"line":23,"column":8}}},"s":{"2":1,"3":1,"8":1,"10":1,"11":1,"12":1,"13":1,"14":1,"15":1,"16":1,"17":1,"20":1,"21":1,"22":1},"branchMap":{},"b":{},"fnMap":{},"f":{}}
,"D:\\myCode\\大四上\\Font-end-UI\\packages\\components\\Button\\contants.ts": {"path":"D:\\myCode\\大四上\\Font-end-UI\\packages\\components\\Button\\contants.ts","all":false,"statementMap":{"3":{"start":{"line":4,"column":0},"end":{"line":4,"column":78}},"4":{"start":{"line":5,"column":0},"end":{"line":5,"column":25}},"5":{"start":{"line":6,"column":0},"end":{"line":6,"column":2}}},"s":{"3":1,"4":1,"5":1},"branchMap":{},"b":{},"fnMap":{},"f":{}}
,"D:\\myCode\\大四上\\Font-end-UI\\packages\\components\\Icon\\Icon.vue": {"path":"D:\\myCode\\大四上\\Font-end-UI\\packages\\components\\Icon\\Icon.vue","all":false,"statementMap":{"0":{"start":{"line":1,"column":0},"end":{"line":1,"column":24}},"2":{"start":{"line":3,"column":0},"end":{"line":3,"column":63}},"3":{"start":{"line":4,"column":0},"end":{"line":4,"column":33}},"4":{"start":{"line":5,"column":0},"end":{"line":5,"column":31}},"9":{"start":{"line":10,"column":0},"end":{"line":10,"column":39}},"10":{"start":{"line":11,"column":0},"end":{"line":11,"column":67}},"11":{"start":{"line":12,"column":0},"end":{"line":12,"column":38}},"12":{"start":{"line":13,"column":0},"end":{"line":13,"column":27}},"13":{"start":{"line":14,"column":0},"end":{"line":14,"column":4}},"16":{"start":{"line":17,"column":0},"end":{"line":17,"column":4}},"17":{"start":{"line":18,"column":0},"end":{"line":18,"column":19}},"18":{"start":{"line":19,"column":0},"end":{"line":19,"column":38}},"19":{"start":{"line":20,"column":0},"end":{"line":20,"column":25}},"20":{"start":{"line":21,"column":0},"end":{"line":21,"column":19}},"22":{"start":{"line":23,"column":0},"end":{"line":23,"column":46}},"23":{"start":{"line":24,"column":0},"end":{"line":24,"column":6}}},"s":{"0":1,"2":1,"3":1,"4":1,"9":1,"10":1,"11":1,"12":4,"13":1,"16":1,"17":1,"18":1,"19":1,"20":1,"22":1,"23":1},"branchMap":{"0":{"type":"branch","line":11,"loc":{"start":{"line":11,"column":29},"end":{"line":11,"column":65}},"locations":[{"start":{"line":11,"column":29},"end":{"line":11,"column":65}}]},"1":{"type":"branch","line":12,"loc":{"start":{"line":12,"column":30},"end":{"line":14,"column":2}},"locations":[{"start":{"line":12,"column":30},"end":{"line":14,"column":2}}]}},"b":{"0":[4],"1":[4]},"fnMap":{},"f":{}}
}
